02-Mar-2023 19:09:38.165 INFO [http-nio-8080-exec-4] org.apache.catalina.core.ApplicationContext.log Manager: init: Associated with Deployer 'Catalina:type=Deployer,host=localhost'
02-Mar-2023 19:09:38.165 INFO [http-nio-8080-exec-4] org.apache.catalina.core.ApplicationContext.log Manager: init: Global resources are available
02-Mar-2023 19:09:38.191 INFO [http-nio-8080-exec-7] org.apache.catalina.core.ApplicationContext.log Manager: list: Listing contexts for virtual host 'localhost'
02-Mar-2023 19:09:38.194 INFO [http-nio-8080-exec-8] org.apache.catalina.core.ApplicationContext.log Manager: list: Listing contexts for virtual host 'localhost'
02-Mar-2023 19:09:38.207 INFO [http-nio-8080-exec-9] org.apache.catalina.core.ApplicationContext.log Manager: install: Installing context configuration at 'file:/C:/Users/511275~1.2/AppData/Local/Temp/context9027146430878035959.xml'
02-Mar-2023 19:09:42.969 INFO [http-nio-8080-exec-10] org.apache.catalina.core.ApplicationContext.log Manager: start: Starting web application '/Estoque'
02-Mar-2023 19:09:49.513 INFO [http-nio-8080-exec-6] org.apache.catalina.core.ApplicationContext.log Manager: list: Listing contexts for virtual host 'localhost'
02-Mar-2023 19:09:49.515 INFO [http-nio-8080-exec-7] org.apache.catalina.core.ApplicationContext.log Manager: list: Listing contexts for virtual host 'localhost'
02-Mar-2023 19:09:49.865 INFO [http-nio-8080-exec-8] org.apache.catalina.core.ApplicationContext.log Manager: stop: Stopping web application '/Estoque'
02-Mar-2023 19:09:49.874 INFO [http-nio-8080-exec-3] org.apache.catalina.core.ApplicationContext.log Manager: start: Starting web application '/Estoque'
02-Mar-2023 19:10:04.285 INFO [http-nio-8080-exec-10] org.apache.catalina.core.ApplicationContext.log Manager: list: Listing contexts for virtual host 'localhost'
02-Mar-2023 19:10:04.287 INFO [http-nio-8080-exec-2] org.apache.catalina.core.ApplicationContext.log Manager: list: Listing contexts for virtual host 'localhost'
02-Mar-2023 19:10:04.617 INFO [http-nio-8080-exec-1] org.apache.catalina.core.ApplicationContext.log Manager: restart: Reloading web application '/Estoque'
02-Mar-2023 19:10:17.995 INFO [http-nio-8080-exec-13] org.apache.catalina.core.ApplicationContext.log Manager: list: Listing contexts for virtual host 'localhost'
02-Mar-2023 19:10:17.997 INFO [http-nio-8080-exec-11] org.apache.catalina.core.ApplicationContext.log Manager: list: Listing contexts for virtual host 'localhost'
02-Mar-2023 19:10:18.337 INFO [http-nio-8080-exec-9] org.apache.catalina.core.ApplicationContext.log Manager: restart: Reloading web application '/Estoque'
02-Mar-2023 19:36:29.885 INFO [http-nio-8080-exec-25] org.apache.catalina.core.ApplicationContext.log Manager: list: Listing contexts for virtual host 'localhost'
02-Mar-2023 19:49:10.291 INFO [http-nio-8080-exec-22] org.apache.catalina.core.ApplicationContext.log Manager: list: Listing contexts for virtual host 'localhost'
02-Mar-2023 19:49:10.294 INFO [http-nio-8080-exec-24] org.apache.catalina.core.ApplicationContext.log Manager: list: Listing contexts for virtual host 'localhost'
02-Mar-2023 19:49:10.700 INFO [http-nio-8080-exec-17] org.apache.catalina.core.ApplicationContext.log Manager: restart: Reloading web application '/Estoque'
02-Mar-2023 19:52:24.545 INFO [http-nio-8080-exec-30] org.apache.catalina.core.ApplicationContext.log Manager: list: Listing contexts for virtual host 'localhost'
02-Mar-2023 19:53:45.752 INFO [http-nio-8080-exec-29] org.apache.catalina.core.ApplicationContext.log Manager: list: Listing contexts for virtual host 'localhost'
02-Mar-2023 19:54:29.981 INFO [http-nio-8080-exec-35] org.apache.catalina.core.ApplicationContext.log Manager: list: Listing contexts for virtual host 'localhost'
02-Mar-2023 19:55:37.615 INFO [http-nio-8080-exec-29] org.apache.catalina.core.ApplicationContext.log Manager: list: Listing contexts for virtual host 'localhost'
02-Mar-2023 19:56:49.334 INFO [http-nio-8080-exec-30] org.apache.catalina.core.ApplicationContext.log Manager: list: Listing contexts for virtual host 'localhost'
02-Mar-2023 19:57:03.009 INFO [http-nio-8080-exec-31] org.apache.catalina.core.ApplicationContext.log Manager: list: Listing contexts for virtual host 'localhost'
02-Mar-2023 19:59:20.206 INFO [http-nio-8080-exec-29] org.apache.catalina.core.ApplicationContext.log Manager: list: Listing contexts for virtual host 'localhost'
02-Mar-2023 19:59:20.209 INFO [http-nio-8080-exec-33] org.apache.catalina.core.ApplicationContext.log Manager: restart: Reloading web application '/Estoque'
02-Mar-2023 20:01:26.378 INFO [http-nio-8080-exec-41] org.apache.catalina.core.ApplicationContext.log Manager: list: Listing contexts for virtual host 'localhost'
02-Mar-2023 20:01:26.380 INFO [http-nio-8080-exec-43] org.apache.catalina.core.ApplicationContext.log Manager: list: Listing contexts for virtual host 'localhost'
02-Mar-2023 20:01:27.019 INFO [http-nio-8080-exec-36] org.apache.catalina.core.ApplicationContext.log Manager: restart: Reloading web application '/Estoque'
02-Mar-2023 20:02:56.999 INFO [http-nio-8080-exec-46] org.apache.catalina.core.ApplicationContext.log Manager: list: Listing contexts for virtual host 'localhost'
02-Mar-2023 20:02:57.005 INFO [http-nio-8080-exec-50] org.apache.catalina.core.ApplicationContext.log Manager: restart: Reloading web application '/Estoque'
02-Mar-2023 20:03:02.260 INFO [http-nio-8080-exec-46] org.apache.catalina.core.ApplicationContext.log Manager: list: Listing contexts for virtual host 'localhost'
02-Mar-2023 20:03:02.265 INFO [http-nio-8080-exec-38] org.apache.catalina.core.ApplicationContext.log Manager: restart: Reloading web application '/Estoque'
02-Mar-2023 20:06:20.583 INFO [http-nio-8080-exec-54] org.apache.catalina.core.ApplicationContext.log Manager: list: Listing contexts for virtual host 'localhost'
02-Mar-2023 20:06:20.587 INFO [http-nio-8080-exec-55] org.apache.catalina.core.ApplicationContext.log Manager: restart: Reloading web application '/Estoque'
02-Mar-2023 20:07:14.900 INFO [http-nio-8080-exec-59] org.apache.catalina.core.ApplicationContext.log Manager: list: Listing contexts for virtual host 'localhost'
02-Mar-2023 20:07:14.902 INFO [http-nio-8080-exec-53] org.apache.catalina.core.ApplicationContext.log Manager: list: Listing contexts for virtual host 'localhost'
02-Mar-2023 20:07:15.392 INFO [http-nio-8080-exec-54] org.apache.catalina.core.ApplicationContext.log Manager: restart: Reloading web application '/Estoque'
02-Mar-2023 20:10:06.774 INFO [http-nio-8080-exec-4] org.apache.catalina.core.ApplicationContext.log Manager: init: Associated with Deployer 'Catalina:type=Deployer,host=localhost'
02-Mar-2023 20:10:06.774 INFO [http-nio-8080-exec-4] org.apache.catalina.core.ApplicationContext.log Manager: init: Global resources are available
02-Mar-2023 20:10:07.128 INFO [http-nio-8080-exec-3] org.apache.catalina.core.ApplicationContext.log Manager: list: Listing contexts for virtual host 'localhost'
02-Mar-2023 20:10:07.131 INFO [http-nio-8080-exec-6] org.apache.catalina.core.ApplicationContext.log Manager: list: Listing contexts for virtual host 'localhost'
02-Mar-2023 20:10:07.139 INFO [http-nio-8080-exec-5] org.apache.catalina.core.ApplicationContext.log Manager: undeploy: Undeploying web application at '/Estoque'
02-Mar-2023 20:10:07.693 INFO [http-nio-8080-exec-3] org.apache.catalina.core.ApplicationContext.log Manager: install: Installing context configuration at 'file:/C:/Users/511275~1.2/AppData/Local/Temp/context12172275303965920869.xml'
02-Mar-2023 20:10:12.591 INFO [http-nio-8080-exec-1] org.apache.catalina.core.ApplicationContext.log Manager: start: Starting web application '/Estoque'
02-Mar-2023 20:12:04.795 INFO [http-nio-8080-exec-12] org.apache.catalina.core.ApplicationContext.log Manager: list: Listing contexts for virtual host 'localhost'
02-Mar-2023 20:13:07.823 INFO [http-nio-8080-exec-13] org.apache.catalina.core.ApplicationContext.log Manager: list: Listing contexts for virtual host 'localhost'
02-Mar-2023 20:13:44.230 INFO [http-nio-8080-exec-14] org.apache.catalina.core.ApplicationContext.log Manager: list: Listing contexts for virtual host 'localhost'
02-Mar-2023 20:14:17.302 INFO [http-nio-8080-exec-15] org.apache.catalina.core.ApplicationContext.log Manager: list: Listing contexts for virtual host 'localhost'
02-Mar-2023 20:16:43.756 INFO [http-nio-8080-exec-15] org.apache.catalina.core.ApplicationContext.log Manager: list: Listing contexts for virtual host 'localhost'
02-Mar-2023 20:16:43.759 INFO [http-nio-8080-exec-12] org.apache.catalina.core.ApplicationContext.log Manager: restart: Reloading web application '/Estoque'
02-Mar-2023 20:21:20.462 INFO [http-nio-8080-exec-4] org.apache.catalina.core.ApplicationContext.log Manager: init: Associated with Deployer 'Catalina:type=Deployer,host=localhost'
02-Mar-2023 20:21:20.462 INFO [http-nio-8080-exec-4] org.apache.catalina.core.ApplicationContext.log Manager: init: Global resources are available
02-Mar-2023 20:23:13.792 INFO [http-nio-8080-exec-4] org.apache.catalina.core.ApplicationContext.log Manager: init: Associated with Deployer 'Catalina:type=Deployer,host=localhost'
02-Mar-2023 20:23:13.792 INFO [http-nio-8080-exec-4] org.apache.catalina.core.ApplicationContext.log Manager: init: Global resources are available
02-Mar-2023 20:24:51.927 INFO [http-nio-8080-exec-6] org.apache.catalina.core.ApplicationContext.log Manager: list: Listing contexts for virtual host 'localhost'
02-Mar-2023 20:24:51.933 INFO [http-nio-8080-exec-5] org.apache.catalina.core.ApplicationContext.log Manager: restart: Reloading web application '/Estoque'
